<?xml version="1.0" encoding="UTF-8"?>
<testng-results ignored="0" total="1" passed="1" failed="0" skipped="0">
  <reporter-output>
  </reporter-output>
  <suite started-at="2025-08-02T12:44:22 IST" name="Default suite" finished-at="2025-08-02T12:44:51 IST" duration-ms="28837">
    <groups>
    </groups>
    <test started-at="2025-08-02T12:44:22 IST" name="Default test" finished-at="2025-08-02T12:44:51 IST" duration-ms="28837">
      <class name="ExtentReport.AddScreenshotIntoReport">
        <test-method signature="addScreenshot()[pri:0, instance:ExtentReport.AddScreenshotIntoReport@2a4fb17b]" started-at="2025-08-02T12:44:22 IST" name="addScreenshot" finished-at="2025-08-02T12:44:51 IST" duration-ms="28757" status="PASS">
          <reporter-output>
          </reporter-output>
        </test-method> <!-- addScreenshot -->
      </class> <!-- ExtentReport.AddScreenshotIntoReport -->
    </test> <!-- Default test -->
  </suite> <!-- Default suite -->
</testng-results>
